<?xml version="1.0" encoding="UTF-8"?>
<!-- Generated by org.testng.reporters.JUnitXMLReporter -->
<testsuite ignored="1" hostname="Yashu-Laptop" failures="0" tests="1" name="Default test" time="28.067" errors="0" timestamp="2023-05-15T18:41:04 IST">
  <testcase classname="com.yadara.testcases.CheckoutTestcases" name="TC_Checkout_Without_Signin_User" time="21.319"/>
  <testcase classname="com.yadara.testcases.CheckoutTestcases" name="TC_Checkout_With_SignIn_User" time="0.0">
    <ignored/>
  </testcase> <!-- TC_Checkout_With_SignIn_User -->
</testsuite> <!-- Default test -->
